Arguments: 
  /usr/local/bin/node /usr/local/Cellar/yarn/1.22.10/libexec/bin/yarn.js add react-fontawesome

PATH: 
  /Users/andell/.rvm/gems/ruby-2.1.3/bin:/Users/andell/.rvm/gems/ruby-2.1.3@global/bin:/Users/andell/.rvm/rubies/ruby-2.1.3/bin:/usr/local/sbin:/usr/local/bin:/usr/bin:/bin:/usr/sbin:/sbin:/Library/Apple/usr/bin:/Users/andell/.rvm/bin

Yarn version: 
  1.22.10

Node version: 
  10.0.0

Platform: 
  darwin x64

Trace: 
  Error: getaddrinfo ENOTFOUND npm-registry.dev.ahss.io npm-registry.dev.ahss.io:443
      at GetAddrInfoReqWrap.onlookup [as oncomplete] (dns.js:50:26)

npm manifest: 
  {
      "name": "diverse-coders",
      "version": "0.1.0",
      "private": true,
      "scripts": {
          "start": "(cd api && rails s) & (cd client && yarn start)"
      },
      "dependencies": {
          "axios": "^0.18.0",
          "react-awesome-modal": "^2.0.3"
      }
  }

yarn manifest: 
  No manifest

Lockfile: 
  # THIS IS AN AUTOGENERATED FILE. DO NOT EDIT THIS FILE DIRECTLY.
  # yarn lockfile v1
  
  
  axios@^0.18.0:
    version "0.18.0"
    resolved "https://registry.yarnpkg.com/axios/-/axios-0.18.0.tgz#32d53e4851efdc0a11993b6cd000789d70c05102"
    dependencies:
      follow-redirects "^1.3.0"
      is-buffer "^1.1.5"
  
  debug@^3.1.0:
    version "3.1.0"
    resolved "https://registry.yarnpkg.com/debug/-/debug-3.1.0.tgz#5bb5a0672628b64149566ba16819e61518c67261"
    dependencies:
      ms "2.0.0"
  
  follow-redirects@^1.3.0:
    version "1.5.0"
    resolved "https://registry.yarnpkg.com/follow-redirects/-/follow-redirects-1.5.0.tgz#234f49cf770b7f35b40e790f636ceba0c3a0ab77"
    dependencies:
      debug "^3.1.0"
  
  is-buffer@^1.1.5:
    version "1.1.6"
    resolved "https://registry.yarnpkg.com/is-buffer/-/is-buffer-1.1.6.tgz#efaa2ea9daa0d7ab2ea13a97b2b8ad51fefbe8be"
  
  ms@2.0.0:
    version "2.0.0"
    resolved "https://registry.yarnpkg.com/ms/-/ms-2.0.0.tgz#5608aeadfc00be6c2901df5f9861788de0d597c8"
  
  react-awesome-modal@^2.0.3:
    version "2.0.3"
    resolved "https://registry.yarnpkg.com/react-awesome-modal/-/react-awesome-modal-2.0.3.tgz#1f8c162b63be9b724c08938f80ee970b622b4c77"
